
--- Testing RemoteOK ---
INFO:app.services.scrapers.remoteok:Searching RemoteOK for: python
INFO:httpx:HTTP Request: GET https://remoteok.com/api "HTTP/1.1 200 OK"
INFO:app.services.scrapers.remoteok:Found 2 jobs in RemoteOK API for query 'python'
Traceback (most recent call last):
  File "C:\Users\LUCAS\OneDrive\Documentos\Meu Projetos\agents_test\job-hunter-ai\apps\backend\test_scrapers.py", line 28, in test_scrapers
    print(f"\u2705 {name} returned {len(results)} results")
    ~~~~~^^^^^^^^^^^^^^^^^^^^^^^^^^^^^^^^^^^^^^^^^^^^^^
  File "C:\Users\LUCAS\AppData\Local\Python\pythoncore-3.14-64\Lib\encodings\cp1252.py", line 19, in encode
    return codecs.charmap_encode(input,self.errors,encoding_table)[0]
           ~~~~~~~~~~~~~~~~~~~~~^^^^^^^^^^^^^^^^^^^^^^^^^^^^^^^^^^
UnicodeEncodeError: 'charmap' codec can't encode character '\u2705' in position 0: character maps to <undefined>

During handling of the above exception, another exception occurred:

Traceback (most recent call last):
  File "C:\Users\LUCAS\OneDrive\Documentos\Meu Projetos\agents_test\job-hunter-ai\apps\backend\test_scrapers.py", line 35, in <module>
    asyncio.run(test_scrapers())
    ~~~~~~~~~~~^^^^^^^^^^^^^^^^^
  File "C:\Users\LUCAS\AppData\Local\Python\pythoncore-3.14-64\Lib\asyncio\runners.py", line 204, in run
    return runner.run(main)
           ~~~~~~~~~~^^^^^^
  File "C:\Users\LUCAS\AppData\Local\Python\pythoncore-3.14-64\Lib\asyncio\runners.py", line 127, in run
    return self._loop.run_until_complete(task)
           ~~~~~~~~~~~~~~~~~~~~~~~~~~~~~^^^^^^
  File "C:\Users\LUCAS\AppData\Local\Python\pythoncore-3.14-64\Lib\asyncio\base_events.py", line 719, in run_until_complete
    return future.result()
           ~~~~~~~~~~~~~^^
  File "C:\Users\LUCAS\OneDrive\Documentos\Meu Projetos\agents_test\job-hunter-ai\apps\backend\test_scrapers.py", line 32, in test_scrapers
    print(f"\u274c {name} failed: {e}")
    ~~~~~^^^^^^^^^^^^^^^^^^^^^^^^^^
  File "C:\Users\LUCAS\AppData\Local\Python\pythoncore-3.14-64\Lib\encodings\cp1252.py", line 19, in encode
    return codecs.charmap_encode(input,self.errors,encoding_table)[0]
           ~~~~~~~~~~~~~~~~~~~~~^^^^^^^^^^^^^^^^^^^^^^^^^^^^^^^^^^
UnicodeEncodeError: 'charmap' codec can't encode character '\u274c' in position 0: character maps to <undefined>
